<?xml version="1.0" encoding="UTF-8"?>
<testng-results ignored="0" total="1" passed="1" failed="0" skipped="0">
  <reporter-output>
  </reporter-output>
  <suite started-at="2023-02-22T19:00:15 IST" name="Default suite" finished-at="2023-02-22T19:00:46 IST" duration-ms="31044">
    <groups>
    </groups>
    <test started-at="2023-02-22T19:00:15 IST" name="Default test" finished-at="2023-02-22T19:00:46 IST" duration-ms="31044">
      <class name="TestScript.ThirdTest">
        <test-method is-config="true" signature="classConfiguration()[pri:0, instance:TestScript.ThirdTest@c88a337]" started-at="2023-02-22T19:00:15 IST" name="classConfiguration" finished-at="2023-02-22T19:00:16 IST" duration-ms="672" status="PASS">
          <reporter-output>
          </reporter-output>
        </test-method> <!-- classConfiguration -->
        <test-method is-config="true" signature="methodConfiguration()[pri:0, instance:TestScript.ThirdTest@c88a337]" started-at="2023-02-22T19:00:16 IST" name="methodConfiguration" finished-at="2023-02-22T19:00:20 IST" duration-ms="4635" status="PASS">
          <reporter-output>
          </reporter-output>
        </test-method> <!-- methodConfiguration -->
        <test-method signature="thirdTest()[pri:0, instance:TestScript.ThirdTest@c88a337]" started-at="2023-02-22T19:00:20 IST" name="thirdTest" finished-at="2023-02-22T19:00:46 IST" duration-ms="25523" status="PASS">
          <reporter-output>
          </reporter-output>
        </test-method> <!-- thirdTest -->
        <test-method is-config="true" signature="methodTearDown()[pri:0, instance:TestScript.ThirdTest@c88a337]" started-at="2023-02-22T19:00:46 IST" name="methodTearDown" finished-at="2023-02-22T19:00:46 IST" duration-ms="180" status="PASS">
          <reporter-output>
          </reporter-output>
        </test-method> <!-- methodTearDown -->
        <test-method is-config="true" signature="classTearDown()[pri:0, instance:TestScript.ThirdTest@c88a337]" started-at="2023-02-22T19:00:46 IST" name="classTearDown" finished-at="2023-02-22T19:00:46 IST" duration-ms="0" status="PASS">
          <reporter-output>
          </reporter-output>
        </test-method> <!-- classTearDown -->
      </class> <!-- TestScript.ThirdTest -->
    </test> <!-- Default test -->
  </suite> <!-- Default suite -->
</testng-results>
