<?xml version="1.0" encoding="UTF-8"?>
<testng-results ignored="0" total="1" passed="1" failed="0" skipped="0">
  <reporter-output>
  </reporter-output>
  <suite started-at="2023-02-22T14:59:44 IST" name="Default suite" finished-at="2023-02-22T15:00:10 IST" duration-ms="26099">
    <groups>
    </groups>
    <test started-at="2023-02-22T14:59:44 IST" name="Default test" finished-at="2023-02-22T15:00:10 IST" duration-ms="26099">
      <class name="TestScript.SecondTest">
        <test-method is-config="true" signature="classConfiguration()[pri:0, instance:TestScript.SecondTest@c88a337]" started-at="2023-02-22T14:59:44 IST" name="classConfiguration" finished-at="2023-02-22T14:59:44 IST" duration-ms="548" status="PASS">
          <reporter-output>
          </reporter-output>
        </test-method> <!-- classConfiguration -->
        <test-method is-config="true" signature="methodConfiguration()[pri:0, instance:TestScript.SecondTest@c88a337]" started-at="2023-02-22T14:59:44 IST" name="methodConfiguration" finished-at="2023-02-22T14:59:47 IST" duration-ms="2702" status="PASS">
          <reporter-output>
          </reporter-output>
        </test-method> <!-- methodConfiguration -->
        <test-method signature="secondTest()[pri:0, instance:TestScript.SecondTest@c88a337]" started-at="2023-02-22T14:59:47 IST" name="secondTest" finished-at="2023-02-22T15:00:10 IST" duration-ms="22624" status="PASS">
          <reporter-output>
          </reporter-output>
        </test-method> <!-- secondTest -->
        <test-method is-config="true" signature="methodTearDown()[pri:0, instance:TestScript.SecondTest@c88a337]" started-at="2023-02-22T15:00:10 IST" name="methodTearDown" finished-at="2023-02-22T15:00:10 IST" duration-ms="194" status="PASS">
          <reporter-output>
          </reporter-output>
        </test-method> <!-- methodTearDown -->
        <test-method is-config="true" signature="classTearDown()[pri:0, instance:TestScript.SecondTest@c88a337]" started-at="2023-02-22T15:00:10 IST" name="classTearDown" finished-at="2023-02-22T15:00:10 IST" duration-ms="0" status="PASS">
          <reporter-output>
          </reporter-output>
        </test-method> <!-- classTearDown -->
      </class> <!-- TestScript.SecondTest -->
    </test> <!-- Default test -->
  </suite> <!-- Default suite -->
</testng-results>
